2026-01-21T10:36:50.459Z CLI info [main]     Server listening on port: 5400
2026-01-21T10:36:51.256Z CLI info     Config : {"userName":"[REDACTED]","accessKey":"[REDACTED]","projectName":"EUDI Wallet","buildName":"EUDI Wallet","buildIdentifier":"#${BUILD_NUMBER}","app":"bs://sample.app","platforms":[{"deviceName":"Samsung Galaxy S22 Ultra","platformVersion":"12.0","platformName":"android"},{"deviceName":"Samsung Galaxy S21","platformVersion":"11.0","platformName":"android"},{"deviceName":"Google Pixel 6 Pro","platformVersion":"12.0","platformName":"android"}],"parallelsPerPlatform":1,"source":"java:appium-intellij:2.0.1-IC","browserstackLocal":true,"debug":false,"networkLogs":false,"consoleLogs":"errors"}
2026-01-21T10:36:51.354Z CLI info     Should start debug utility: undefined
2026-01-21T10:36:51.359Z CLI info [testhub:module]  [foteinitheofilat_OrT9j5]   [1ab190db-4946-45f1-8db1-2fa64125d6d6]  Starting testhub from 16600:0
2026-01-21T10:36:51.360Z CLI info  [foteinitheofilat_OrT9j5]   [1ab190db-4946-45f1-8db1-2fa64125d6d6]  [PRODUCTION] Making POST request to https://sdk.browserstack.com
2026-01-21T10:36:51.362Z CLI info  [foteinitheofilat_OrT9j5]   [1ab190db-4946-45f1-8db1-2fa64125d6d6]  [PRODUCTION] Making GET request to https://hub.browserstack.com
2026-01-21T10:36:51.921Z CLI info  [foteinitheofilat_OrT9j5]   [1ab190db-4946-45f1-8db1-2fa64125d6d6]  [PRODUCTION] Making GET request to https://hub-euw.browserstack.com
2026-01-21T10:36:51.922Z CLI info  [foteinitheofilat_OrT9j5]   [1ab190db-4946-45f1-8db1-2fa64125d6d6]  [PRODUCTION] Making GET request to https://hub-use.browserstack.com
2026-01-21T10:36:51.923Z CLI info  [foteinitheofilat_OrT9j5]   [1ab190db-4946-45f1-8db1-2fa64125d6d6]  [PRODUCTION] Making GET request to https://hub-aps.browserstack.com
2026-01-21T10:36:52.446Z CLI info [testhub:module]  [foteinitheofilat_OrT9j5]   [1ab190db-4946-45f1-8db1-2fa64125d6d6]  startBuild: response=z5ra9sbvy3ohenu7v4mwlqh5kyirb2ajbef4l7yf
2026-01-21T10:36:52.448Z CLI info  [foteinitheofilat_OrT9j5]  [z5ra9sbvy3ohenu7v4mwlqh5kyirb2ajbef4l7yf]  [1ab190db-4946-45f1-8db1-2fa64125d6d6]  [PRODUCTION] Making POST request to https://api.browserstack.com
2026-01-21T10:36:52.820Z CLI info  [foteinitheofilat_OrT9j5]  [z5ra9sbvy3ohenu7v4mwlqh5kyirb2ajbef4l7yf]  [1ab190db-4946-45f1-8db1-2fa64125d6d6]  [PRODUCTION] Making GET request to https://api.browserstack.com
2026-01-21T10:36:53.114Z CLI error  [foteinitheofilat_OrT9j5]  [z5ra9sbvy3ohenu7v4mwlqh5kyirb2ajbef4l7yf]  [1ab190db-4946-45f1-8db1-2fa64125d6d6]  error invoking callback for eventName: {}
2026-01-21T10:36:53.114Z CLI error  [foteinitheofilat_OrT9j5]  [z5ra9sbvy3ohenu7v4mwlqh5kyirb2ajbef4l7yf]  [1ab190db-4946-45f1-8db1-2fa64125d6d6]  Error: invalid percyToken=null
    at C:\snapshot\browserstack-binary\cli\dist\index.js
    at process.processTicksAndRejections (node:internal/process/task_queues:95:5)
2026-01-21T10:37:00.115Z CLI info [appautomate:service]  [foteinitheofilat_OrT9j5]  [z5ra9sbvy3ohenu7v4mwlqh5kyirb2ajbef4l7yf]  [1ab190db-4946-45f1-8db1-2fa64125d6d6]  Using app: bs://sample.app
2026-01-21T10:37:17.003Z CLI info [sdk:service]  [foteinitheofilat_OrT9j5]  [z5ra9sbvy3ohenu7v4mwlqh5kyirb2ajbef4l7yf]  [1ab190db-4946-45f1-8db1-2fa64125d6d6]  Driver initialized as primary driver: platformIndex=0
2026-01-21T10:37:17.012Z CLI info [sdk:service]  [foteinitheofilat_OrT9j5]  [z5ra9sbvy3ohenu7v4mwlqh5kyirb2ajbef4l7yf]  [1ab190db-4946-45f1-8db1-2fa64125d6d6]  Driver initialized as primary driver: platformIndex=1
2026-01-21T10:37:17.188Z CLI info [sdk:service]  [foteinitheofilat_OrT9j5]  [z5ra9sbvy3ohenu7v4mwlqh5kyirb2ajbef4l7yf]  [1ab190db-4946-45f1-8db1-2fa64125d6d6]  Driver initialized as primary driver: platformIndex=2
2026-01-21T10:37:32.775Z CLI info  [foteinitheofilat_OrT9j5]  [z5ra9sbvy3ohenu7v4mwlqh5kyirb2ajbef4l7yf]  [1ab190db-4946-45f1-8db1-2fa64125d6d6]  [PRODUCTION] Making GET request to https://api.browserstack.com
2026-01-21T10:37:32.779Z CLI info  [foteinitheofilat_OrT9j5]  [z5ra9sbvy3ohenu7v4mwlqh5kyirb2ajbef4l7yf]  [1ab190db-4946-45f1-8db1-2fa64125d6d6]  [PRODUCTION] Making PUT request to https://collector-observability.browserstack.com
2026-01-21T10:37:33.360Z CLI info [testhub:module]  [foteinitheofilat_OrT9j5]  [z5ra9sbvy3ohenu7v4mwlqh5kyirb2ajbef4l7yf]  [1ab190db-4946-45f1-8db1-2fa64125d6d6]  stopBuild: z5ra9sbvy3ohenu7v4mwlqh5kyirb2ajbef4l7yf request={"finished_at":"2026-01-21T10:37:32.776Z","finished_metadata":[],"custom_metadata":{}} response={"data":""}
2026-01-21T10:37:33.361Z CLI info  [foteinitheofilat_OrT9j5]  [z5ra9sbvy3ohenu7v4mwlqh5kyirb2ajbef4l7yf]  [1ab190db-4946-45f1-8db1-2fa64125d6d6]  [PRODUCTION] Making POST request to https://api.browserstack.com
2026-01-21T10:37:33.712Z CLI info [TEST REPORTING AND ANALYTICS:module]  [foteinitheofilat_OrT9j5]  [z5ra9sbvy3ohenu7v4mwlqh5kyirb2ajbef4l7yf]  [1ab190db-4946-45f1-8db1-2fa64125d6d6]  Visit https://automation.browserstack.com/builds/z5ra9sbvy3ohenu7v4mwlqh5kyirb2ajbef4l7yf to view build report, insights, and many more debugging information all at one place!
2026-01-22T10:02:10.886Z CLI info [main]     Server listening on port: 5400
2026-01-22T10:02:13.885Z CLI info     Config : {"userName":"[REDACTED]","accessKey":"[REDACTED]","projectName":"EUDI Wallet","buildName":"EUDI Wallet","buildIdentifier":"#${BUILD_NUMBER}","app":"bs://sample.app","platforms":[{"deviceName":"Samsung Galaxy S22 Ultra","platformVersion":"12.0","platformName":"android"},{"deviceName":"Samsung Galaxy S21","platformVersion":"11.0","platformName":"android"},{"deviceName":"Google Pixel 6 Pro","platformVersion":"12.0","platformName":"android"}],"parallelsPerPlatform":1,"source":"java:appium-intellij:2.0.1-IC","browserstackLocal":true,"debug":false,"networkLogs":false,"consoleLogs":"errors"}
2026-01-22T10:02:14.024Z CLI info     Should start debug utility: undefined
2026-01-22T10:02:14.030Z CLI info [testhub:module]  [foteinitheofilat_OrT9j5]   [46ae1a6c-bc51-402b-988a-7ded41a69b0c]  Starting testhub from 23852:0
2026-01-22T10:02:14.032Z CLI info  [foteinitheofilat_OrT9j5]   [46ae1a6c-bc51-402b-988a-7ded41a69b0c]  [PRODUCTION] Making POST request to https://sdk.browserstack.com
2026-01-22T10:02:14.035Z CLI info  [foteinitheofilat_OrT9j5]   [46ae1a6c-bc51-402b-988a-7ded41a69b0c]  [PRODUCTION] Making GET request to https://hub.browserstack.com
2026-01-22T10:02:14.805Z CLI info  [foteinitheofilat_OrT9j5]   [46ae1a6c-bc51-402b-988a-7ded41a69b0c]  [PRODUCTION] Making GET request to https://hub-euw.browserstack.com
2026-01-22T10:02:14.808Z CLI info  [foteinitheofilat_OrT9j5]   [46ae1a6c-bc51-402b-988a-7ded41a69b0c]  [PRODUCTION] Making GET request to https://hub-use.browserstack.com
2026-01-22T10:02:14.810Z CLI info  [foteinitheofilat_OrT9j5]   [46ae1a6c-bc51-402b-988a-7ded41a69b0c]  [PRODUCTION] Making GET request to https://hub-aps.browserstack.com
2026-01-22T10:02:15.658Z CLI info [testhub:module]  [foteinitheofilat_OrT9j5]   [46ae1a6c-bc51-402b-988a-7ded41a69b0c]  startBuild: response=arsaf7krhmh0rhfguyotxpzbbpdsox5htzyhswqz
2026-01-22T10:02:15.661Z CLI info  [foteinitheofilat_OrT9j5]  [arsaf7krhmh0rhfguyotxpzbbpdsox5htzyhswqz]  [46ae1a6c-bc51-402b-988a-7ded41a69b0c]  [PRODUCTION] Making POST request to https://api.browserstack.com
2026-01-22T10:02:15.900Z CLI info  [foteinitheofilat_OrT9j5]  [arsaf7krhmh0rhfguyotxpzbbpdsox5htzyhswqz]  [46ae1a6c-bc51-402b-988a-7ded41a69b0c]  [PRODUCTION] Making GET request to https://api.browserstack.com
2026-01-22T10:02:16.142Z CLI error  [foteinitheofilat_OrT9j5]  [arsaf7krhmh0rhfguyotxpzbbpdsox5htzyhswqz]  [46ae1a6c-bc51-402b-988a-7ded41a69b0c]  error invoking callback for eventName: {}
2026-01-22T10:02:16.142Z CLI error  [foteinitheofilat_OrT9j5]  [arsaf7krhmh0rhfguyotxpzbbpdsox5htzyhswqz]  [46ae1a6c-bc51-402b-988a-7ded41a69b0c]  Error: invalid percyToken=null
    at C:\snapshot\browserstack-binary\cli\dist\index.js
    at process.processTicksAndRejections (node:internal/process/task_queues:95:5)
2026-01-22T10:02:26.768Z CLI info [appautomate:service]  [foteinitheofilat_OrT9j5]  [arsaf7krhmh0rhfguyotxpzbbpdsox5htzyhswqz]  [46ae1a6c-bc51-402b-988a-7ded41a69b0c]  Using app: bs://sample.app
2026-01-22T10:02:46.600Z CLI info [sdk:service]  [foteinitheofilat_OrT9j5]  [arsaf7krhmh0rhfguyotxpzbbpdsox5htzyhswqz]  [46ae1a6c-bc51-402b-988a-7ded41a69b0c]  Driver initialized as primary driver: platformIndex=0
2026-01-22T10:02:46.707Z CLI info [sdk:service]  [foteinitheofilat_OrT9j5]  [arsaf7krhmh0rhfguyotxpzbbpdsox5htzyhswqz]  [46ae1a6c-bc51-402b-988a-7ded41a69b0c]  Driver initialized as primary driver: platformIndex=1
2026-01-22T10:02:47.375Z CLI info [sdk:service]  [foteinitheofilat_OrT9j5]  [arsaf7krhmh0rhfguyotxpzbbpdsox5htzyhswqz]  [46ae1a6c-bc51-402b-988a-7ded41a69b0c]  Driver initialized as primary driver: platformIndex=2
2026-01-22T10:03:03.108Z CLI info  [foteinitheofilat_OrT9j5]  [arsaf7krhmh0rhfguyotxpzbbpdsox5htzyhswqz]  [46ae1a6c-bc51-402b-988a-7ded41a69b0c]  [PRODUCTION] Making GET request to https://api.browserstack.com
2026-01-22T10:03:03.112Z CLI info  [foteinitheofilat_OrT9j5]  [arsaf7krhmh0rhfguyotxpzbbpdsox5htzyhswqz]  [46ae1a6c-bc51-402b-988a-7ded41a69b0c]  [PRODUCTION] Making PUT request to https://collector-observability.browserstack.com
2026-01-22T10:03:03.899Z CLI info [testhub:module]  [foteinitheofilat_OrT9j5]  [arsaf7krhmh0rhfguyotxpzbbpdsox5htzyhswqz]  [46ae1a6c-bc51-402b-988a-7ded41a69b0c]  stopBuild: arsaf7krhmh0rhfguyotxpzbbpdsox5htzyhswqz request={"finished_at":"2026-01-22T10:03:03.109Z","finished_metadata":[],"custom_metadata":{}} response={"data":""}
2026-01-22T10:03:03.900Z CLI info  [foteinitheofilat_OrT9j5]  [arsaf7krhmh0rhfguyotxpzbbpdsox5htzyhswqz]  [46ae1a6c-bc51-402b-988a-7ded41a69b0c]  [PRODUCTION] Making POST request to https://api.browserstack.com
2026-01-22T10:03:04.481Z CLI info [TEST REPORTING AND ANALYTICS:module]  [foteinitheofilat_OrT9j5]  [arsaf7krhmh0rhfguyotxpzbbpdsox5htzyhswqz]  [46ae1a6c-bc51-402b-988a-7ded41a69b0c]  Visit https://automation.browserstack.com/builds/arsaf7krhmh0rhfguyotxpzbbpdsox5htzyhswqz to view build report, insights, and many more debugging information all at one place!
2026-01-22T10:05:57.068Z CLI info [main]     Server listening on port: 5400
2026-01-22T10:05:58.107Z CLI info     Config : {"userName":"[REDACTED]","accessKey":"[REDACTED]","projectName":"EUDI Wallet","buildName":"EUDI Wallet","buildIdentifier":"#${BUILD_NUMBER}","app":"bs://sample.app","platforms":[{"deviceName":"Samsung Galaxy S22 Ultra","platformVersion":"12.0","platformName":"android"},{"deviceName":"Samsung Galaxy S21","platformVersion":"11.0","platformName":"android"},{"deviceName":"Google Pixel 6 Pro","platformVersion":"12.0","platformName":"android"}],"parallelsPerPlatform":1,"source":"java:appium-intellij:2.0.1-IC","browserstackLocal":true,"debug":false,"networkLogs":false,"consoleLogs":"errors"}
2026-01-22T10:05:58.338Z CLI info     Should start debug utility: undefined
2026-01-22T10:05:58.344Z CLI info [testhub:module]  [foteinitheofilat_OrT9j5]   [055658f9-a56b-4e0b-ad2d-3622d03e5279]  Starting testhub from 26152:0
2026-01-22T10:05:58.346Z CLI info  [foteinitheofilat_OrT9j5]   [055658f9-a56b-4e0b-ad2d-3622d03e5279]  [PRODUCTION] Making POST request to https://sdk.browserstack.com
2026-01-22T10:05:58.349Z CLI info  [foteinitheofilat_OrT9j5]   [055658f9-a56b-4e0b-ad2d-3622d03e5279]  [PRODUCTION] Making GET request to https://hub.browserstack.com
2026-01-22T10:05:58.830Z CLI info  [foteinitheofilat_OrT9j5]   [055658f9-a56b-4e0b-ad2d-3622d03e5279]  [PRODUCTION] Making GET request to https://hub-euw.browserstack.com
2026-01-22T10:05:58.833Z CLI info  [foteinitheofilat_OrT9j5]   [055658f9-a56b-4e0b-ad2d-3622d03e5279]  [PRODUCTION] Making GET request to https://hub-use.browserstack.com
2026-01-22T10:05:58.835Z CLI info  [foteinitheofilat_OrT9j5]   [055658f9-a56b-4e0b-ad2d-3622d03e5279]  [PRODUCTION] Making GET request to https://hub-aps.browserstack.com
2026-01-22T10:05:59.354Z CLI info [testhub:module]  [foteinitheofilat_OrT9j5]   [055658f9-a56b-4e0b-ad2d-3622d03e5279]  startBuild: response=mw17o9ka1nbgatcrf9nk3otgbwidchmt1xs5oirj
2026-01-22T10:05:59.357Z CLI info  [foteinitheofilat_OrT9j5]  [mw17o9ka1nbgatcrf9nk3otgbwidchmt1xs5oirj]  [055658f9-a56b-4e0b-ad2d-3622d03e5279]  [PRODUCTION] Making POST request to https://api.browserstack.com
2026-01-22T10:05:59.577Z CLI info  [foteinitheofilat_OrT9j5]  [mw17o9ka1nbgatcrf9nk3otgbwidchmt1xs5oirj]  [055658f9-a56b-4e0b-ad2d-3622d03e5279]  [PRODUCTION] Making GET request to https://api.browserstack.com
2026-01-22T10:06:00.056Z CLI error  [foteinitheofilat_OrT9j5]  [mw17o9ka1nbgatcrf9nk3otgbwidchmt1xs5oirj]  [055658f9-a56b-4e0b-ad2d-3622d03e5279]  error invoking callback for eventName: {}
2026-01-22T10:06:00.056Z CLI error  [foteinitheofilat_OrT9j5]  [mw17o9ka1nbgatcrf9nk3otgbwidchmt1xs5oirj]  [055658f9-a56b-4e0b-ad2d-3622d03e5279]  Error: invalid percyToken=null
    at C:\snapshot\browserstack-binary\cli\dist\index.js
    at process.processTicksAndRejections (node:internal/process/task_queues:95:5)
2026-01-22T10:06:15.326Z CLI info [appautomate:service]  [foteinitheofilat_OrT9j5]  [mw17o9ka1nbgatcrf9nk3otgbwidchmt1xs5oirj]  [055658f9-a56b-4e0b-ad2d-3622d03e5279]  Using app: bs://sample.app
2026-01-22T10:06:36.392Z CLI info [sdk:service]  [foteinitheofilat_OrT9j5]  [mw17o9ka1nbgatcrf9nk3otgbwidchmt1xs5oirj]  [055658f9-a56b-4e0b-ad2d-3622d03e5279]  Driver initialized as primary driver: platformIndex=1
2026-01-22T10:06:36.711Z CLI info [sdk:service]  [foteinitheofilat_OrT9j5]  [mw17o9ka1nbgatcrf9nk3otgbwidchmt1xs5oirj]  [055658f9-a56b-4e0b-ad2d-3622d03e5279]  Driver initialized as primary driver: platformIndex=2
2026-01-22T10:06:37.065Z CLI info [sdk:service]  [foteinitheofilat_OrT9j5]  [mw17o9ka1nbgatcrf9nk3otgbwidchmt1xs5oirj]  [055658f9-a56b-4e0b-ad2d-3622d03e5279]  Driver initialized as primary driver: platformIndex=0
2026-01-22T10:07:32.167Z CLI info  [foteinitheofilat_OrT9j5]  [mw17o9ka1nbgatcrf9nk3otgbwidchmt1xs5oirj]  [055658f9-a56b-4e0b-ad2d-3622d03e5279]  [PRODUCTION] Making GET request to https://api.browserstack.com
2026-01-22T10:07:32.171Z CLI info  [foteinitheofilat_OrT9j5]  [mw17o9ka1nbgatcrf9nk3otgbwidchmt1xs5oirj]  [055658f9-a56b-4e0b-ad2d-3622d03e5279]  [PRODUCTION] Making PUT request to https://collector-observability.browserstack.com
2026-01-22T10:07:32.652Z CLI info [testhub:module]  [foteinitheofilat_OrT9j5]  [mw17o9ka1nbgatcrf9nk3otgbwidchmt1xs5oirj]  [055658f9-a56b-4e0b-ad2d-3622d03e5279]  stopBuild: mw17o9ka1nbgatcrf9nk3otgbwidchmt1xs5oirj request={"finished_at":"2026-01-22T10:07:32.168Z","finished_metadata":[],"custom_metadata":{}} response={"data":""}
2026-01-22T10:07:32.655Z CLI info  [foteinitheofilat_OrT9j5]  [mw17o9ka1nbgatcrf9nk3otgbwidchmt1xs5oirj]  [055658f9-a56b-4e0b-ad2d-3622d03e5279]  [PRODUCTION] Making POST request to https://api.browserstack.com
2026-01-22T10:07:32.890Z CLI info [TEST REPORTING AND ANALYTICS:module]  [foteinitheofilat_OrT9j5]  [mw17o9ka1nbgatcrf9nk3otgbwidchmt1xs5oirj]  [055658f9-a56b-4e0b-ad2d-3622d03e5279]  Visit https://automation.browserstack.com/builds/mw17o9ka1nbgatcrf9nk3otgbwidchmt1xs5oirj to view build report, insights, and many more debugging information all at one place!
2026-01-22T10:07:36.876Z CLI info  [foteinitheofilat_OrT9j5]  [mw17o9ka1nbgatcrf9nk3otgbwidchmt1xs5oirj]  [055658f9-a56b-4e0b-ad2d-3622d03e5279]  [PRODUCTION] Making POST request to https://eds.browserstack.com
